2022-02-07 16:24:24,827:INFO:PyCaret Supervised Module
2022-02-07 16:24:24,827:INFO:ML Usecase: classification
2022-02-07 16:24:24,827:INFO:version 2.3.6
2022-02-07 16:24:24,827:INFO:Initializing setup()
2022-02-07 16:24:24,828:INFO:setup(target=rank, ml_usecase=classification, available_plots={'parameter': 'Hyperparameters', 'auc': 'AUC', 'confusion_matrix': 'Confusion Matrix', 'threshold': 'Threshold', 'pr': 'Precision Recall', 'error': 'Prediction Error', 'class_report': 'Class Report', 'rfe': 'Feature Selection', 'learning': 'Learning Curve', 'manifold': 'Manifold Learning', 'calibration': 'Calibration Curve', 'vc': 'Validation Curve', 'dimension': 'Dimensions', 'feature': 'Feature Importance', 'feature_all': 'Feature Importance (All)', 'boundary': 'Decision Boundary', 'lift': 'Lift Chart', 'gain': 'Gain Chart', 'tree': 'Decision Tree', 'ks': 'KS Statistic Plot'}, train_size=0.7, test_data=None, preprocess=True, imputation_type=simple, iterative_imputation_iters=5, categorical_features=None, categorical_imputation=constant, categorical_iterative_imputer=lightgbm, ordinal_features=None, high_cardinality_features=None, high_cardinality_method=frequency, numeric_features=None, numeric_imputation=mean, numeric_iterative_imputer=lightgbm, date_features=None, ignore_features=None, normalize=False, normalize_method=zscore, transformation=False, transformation_method=yeo-johnson, handle_unknown_categorical=True, unknown_categorical_method=least_frequent, pca=False, pca_method=linear, pca_components=None, ignore_low_variance=False, combine_rare_levels=False, rare_level_threshold=0.1, bin_numeric_features=None, remove_outliers=False, outliers_threshold=0.05, remove_multicollinearity=False, multicollinearity_threshold=0.9, remove_perfect_collinearity=True, create_clusters=False, cluster_iter=20, polynomial_features=False, polynomial_degree=2, trigonometry_features=False, polynomial_threshold=0.1, group_features=None, group_names=None, feature_selection=False, feature_selection_threshold=0.8, feature_selection_method=classic, feature_interaction=False, feature_ratio=False, interaction_threshold=0.01, fix_imbalance=False, fix_imbalance_method=None, transform_target=False, transform_target_method=box-cox, data_split_shuffle=True, data_split_stratify=False, fold_strategy=stratifiedkfold, fold=10, fold_shuffle=False, fold_groups=None, n_jobs=-1, use_gpu=False, custom_pipeline=None, html=True, session_id=1, log_experiment=False, experiment_name=None, log_plots=False, log_profile=False, log_data=False, silent=True, verbose=True, profile=False, profile_kwargs=None, display=None)
2022-02-07 16:24:24,828:INFO:Checking environment
2022-02-07 16:24:24,828:INFO:python_version: 3.7.6
2022-02-07 16:24:24,828:INFO:python_build: ('tags/v3.7.6:43364a7ae0', 'Dec 19 2019 00:42:30')
2022-02-07 16:24:24,828:INFO:machine: AMD64
2022-02-07 16:24:24,829:INFO:platform: Windows-10-10.0.22000-SP0
2022-02-07 16:24:24,829:WARNING:cannot find psutil installation. memory not traceable. Install psutil using pip to enable memory logging.
2022-02-07 16:24:24,829:INFO:Checking libraries
2022-02-07 16:24:24,830:INFO:pd==1.3.5
2022-02-07 16:24:24,830:INFO:numpy==1.19.5
2022-02-07 16:24:24,830:INFO:sklearn==0.23.2
2022-02-07 16:24:24,830:INFO:lightgbm==3.3.2
2022-02-07 16:24:24,830:WARNING:catboost not found
2022-02-07 16:24:24,831:WARNING:xgboost not found
2022-02-07 16:24:25,328:INFO:mlflow==1.23.0
2022-02-07 16:24:25,328:INFO:Checking Exceptions
2022-02-07 16:24:25,328:INFO:Declaring global variables
2022-02-07 16:24:25,328:INFO:USI: b24a
2022-02-07 16:24:25,329:INFO:pycaret_globals: {'create_model_container', 'X', 'html_param', 'fold_param', 'target_param', 'imputation_classifier', 'fold_groups_param', 'master_model_container', 'imputation_regressor', 'fold_generator', 'data_before_preprocess', 'pycaret_globals', '_gpu_n_jobs_param', 'X_train', 'transform_target_param', 'n_jobs_param', 'iterative_imputation_iters_param', 'stratify_param', 'gpu_param', 'exp_name_log', 'log_plots_param', 'transform_target_method_param', 'y_train', 'seed', '_internal_pipeline', 'USI', 'prep_pipe', 'fold_shuffle_param', '_available_plots', 'fix_imbalance_param', '_ml_usecase', 'y', 'X_test', '_all_models', '_all_metrics', 'fold_groups_param_full', 'y_test', '_all_models_internal', 'display_container', 'experiment__', 'fix_imbalance_method_param', 'logging_param'}
2022-02-07 16:24:25,329:INFO:Preparing display monitor
2022-02-07 16:24:25,329:INFO:Preparing display monitor
2022-02-07 16:24:25,347:INFO:Importing libraries
2022-02-07 16:24:25,347:INFO:Copying data for preprocessing
2022-02-07 16:24:25,357:INFO:Declaring preprocessing parameters
2022-02-07 16:24:25,359:INFO:Creating preprocessing pipeline
2022-02-07 16:24:25,369:INFO:Preprocessing pipeline created successfully
2022-02-07 16:24:25,369:ERROR:(Process Exit): setup has been interupted with user command 'quit'. setup must rerun.
2022-02-07 16:24:25,369:INFO:Creating global containers
2022-02-07 16:24:25,371:INFO:Internal pipeline: Pipeline(memory=None, steps=[('empty_step', 'passthrough')], verbose=False)
2022-02-07 16:24:25,780:WARNING:Couldn't import xgboost.XGBClassifier
2022-02-07 16:24:25,782:WARNING:Couldn't import catboost.CatBoostClassifier
2022-02-07 16:24:25,887:WARNING:Couldn't import xgboost.XGBClassifier
2022-02-07 16:24:25,889:WARNING:Couldn't import catboost.CatBoostClassifier
2022-02-07 16:24:25,889:INFO:Creating grid variables
2022-02-07 16:24:25,902:INFO:create_model_container: 0
2022-02-07 16:24:25,902:INFO:master_model_container: 0
2022-02-07 16:24:25,902:INFO:display_container: 1
2022-02-07 16:24:25,908:INFO:Pipeline(memory=None,
         steps=[('dtypes',
                 DataTypes_Auto_infer(categorical_features=[],
                                      display_types=False, features_todrop=[],
                                      id_columns=[],
                                      ml_usecase='classification',
                                      numerical_features=[], target='rank',
                                      time_features=[])),
                ('imputer',
                 Simple_Imputer(categorical_strategy='not_available',
                                fill_value_categorical=None,
                                fill_value_numerical=None,
                                numeric_strate...
                ('scaling', 'passthrough'), ('P_transform', 'passthrough'),
                ('binn', 'passthrough'), ('rem_outliers', 'passthrough'),
                ('cluster_all', 'passthrough'),
                ('dummy', Dummify(target='rank')),
                ('fix_perfect', Remove_100(target='rank')),
                ('clean_names', Clean_Colum_Names()),
                ('feature_select', 'passthrough'), ('fix_multi', 'passthrough'),
                ('dfs', 'passthrough'), ('pca', 'passthrough')],
         verbose=False)
2022-02-07 16:24:25,908:INFO:setup() succesfully completed......................................
2022-02-07 16:24:26,074:INFO:Initializing compare_models()
2022-02-07 16:24:26,075:INFO:compare_models(include=None, fold=None, round=4, cross_validation=True, sort=Accuracy, n_select=1, budget_time=None, turbo=True, errors=ignore, fit_kwargs=None, groups=None, probability_threshold=None, verbose=True, display=None, exclude=None)
2022-02-07 16:24:26,075:INFO:Checking exceptions
2022-02-07 16:24:26,076:INFO:Preparing display monitor
2022-02-07 16:24:26,076:INFO:Preparing display monitor
2022-02-07 16:24:26,109:INFO:Initializing Logistic Regression
2022-02-07 16:24:26,109:INFO:Total runtime is 0.0 minutes
2022-02-07 16:24:26,119:INFO:SubProcess create_model() called ==================================
2022-02-07 16:24:26,120:INFO:Initializing create_model()
2022-02-07 16:24:26,120:INFO:create_model(estimator=lr, fold=StratifiedKFold(n_splits=10, random_state=None, shuffle=False), round=4, cross_validation=True, predict=True, fit_kwargs={}, groups=None, refit=False, verbose=False, system=False, metrics=None, add_to_model_list=True, probability_threshold=None, display=<pycaret.internal.Display.Display object at 0x0000026632170B48>, kwargs={})
2022-02-07 16:24:26,120:INFO:Checking exceptions
2022-02-07 16:24:26,120:INFO:Importing libraries
2022-02-07 16:24:26,120:INFO:Copying training dataset
2022-02-07 16:24:26,121:INFO:Defining folds
2022-02-07 16:24:26,121:INFO:Declaring metric variables
2022-02-07 16:24:26,131:INFO:Importing untrained model
2022-02-07 16:24:26,140:INFO:Logistic Regression Imported succesfully
2022-02-07 16:24:26,159:INFO:Starting cross validation
2022-02-07 16:24:26,159:INFO:Cross validating with StratifiedKFold(n_splits=10, random_state=None, shuffle=False), n_jobs=-1
2022-02-07 16:24:31,457:INFO:Calculating mean and std
2022-02-07 16:24:31,458:INFO:Creating metrics dataframe
2022-02-07 16:24:31,466:INFO:Uploading results into container
2022-02-07 16:24:31,467:INFO:Uploading model into container now
2022-02-07 16:24:31,467:INFO:create_model_container: 1
2022-02-07 16:24:31,467:INFO:master_model_container: 1
2022-02-07 16:24:31,468:INFO:display_container: 2
2022-02-07 16:24:31,468:INFO:LogisticRegression(C=1.0, class_weight=None, dual=False, fit_intercept=True,
                   intercept_scaling=1, l1_ratio=None, max_iter=1000,
                   multi_class='auto', n_jobs=None, penalty='l2',
                   random_state=1, solver='lbfgs', tol=0.0001, verbose=0,
                   warm_start=False)
2022-02-07 16:24:31,469:INFO:create_model() succesfully completed......................................
2022-02-07 16:24:31,584:INFO:SubProcess create_model() end ==================================
2022-02-07 16:24:31,584:INFO:Creating metrics dataframe
2022-02-07 16:24:31,602:INFO:Initializing K Neighbors Classifier
2022-02-07 16:24:31,603:INFO:Total runtime is 0.09157056411107381 minutes
2022-02-07 16:24:31,613:INFO:SubProcess create_model() called ==================================
2022-02-07 16:24:31,613:INFO:Initializing create_model()
2022-02-07 16:24:31,613:INFO:create_model(estimator=knn, fold=StratifiedKFold(n_splits=10, random_state=None, shuffle=False), round=4, cross_validation=True, predict=True, fit_kwargs={}, groups=None, refit=False, verbose=False, system=False, metrics=None, add_to_model_list=True, probability_threshold=None, display=<pycaret.internal.Display.Display object at 0x0000026632170B48>, kwargs={})
2022-02-07 16:24:31,614:INFO:Checking exceptions
2022-02-07 16:24:31,614:INFO:Importing libraries
2022-02-07 16:24:31,614:INFO:Copying training dataset
2022-02-07 16:24:31,615:INFO:Defining folds
2022-02-07 16:24:31,615:INFO:Declaring metric variables
2022-02-07 16:24:31,625:INFO:Importing untrained model
2022-02-07 16:24:31,635:INFO:K Neighbors Classifier Imported succesfully
2022-02-07 16:24:31,654:INFO:Starting cross validation
2022-02-07 16:24:31,655:INFO:Cross validating with StratifiedKFold(n_splits=10, random_state=None, shuffle=False), n_jobs=-1
2022-02-07 16:24:35,593:INFO:Calculating mean and std
2022-02-07 16:24:35,594:INFO:Creating metrics dataframe
2022-02-07 16:24:35,600:INFO:Uploading results into container
2022-02-07 16:24:35,600:INFO:Uploading model into container now
2022-02-07 16:24:35,600:INFO:create_model_container: 2
2022-02-07 16:24:35,601:INFO:master_model_container: 2
2022-02-07 16:24:35,601:INFO:display_container: 2
2022-02-07 16:24:35,601:INFO:KNeighborsClassifier(algorithm='auto', leaf_size=30, metric='minkowski',
                     metric_params=None, n_jobs=-1, n_neighbors=5, p=2,
                     weights='uniform')
2022-02-07 16:24:35,601:INFO:create_model() succesfully completed......................................
2022-02-07 16:24:35,691:INFO:SubProcess create_model() end ==================================
2022-02-07 16:24:35,691:INFO:Creating metrics dataframe
2022-02-07 16:24:35,708:INFO:Initializing Naive Bayes
2022-02-07 16:24:35,708:INFO:Total runtime is 0.15997341473897297 minutes
2022-02-07 16:24:35,718:INFO:SubProcess create_model() called ==================================
2022-02-07 16:24:35,719:INFO:Initializing create_model()
2022-02-07 16:24:35,719:INFO:create_model(estimator=nb, fold=StratifiedKFold(n_splits=10, random_state=None, shuffle=False), round=4, cross_validation=True, predict=True, fit_kwargs={}, groups=None, refit=False, verbose=False, system=False, metrics=None, add_to_model_list=True, probability_threshold=None, display=<pycaret.internal.Display.Display object at 0x0000026632170B48>, kwargs={})
2022-02-07 16:24:35,719:INFO:Checking exceptions
2022-02-07 16:24:35,719:INFO:Importing libraries
2022-02-07 16:24:35,719:INFO:Copying training dataset
2022-02-07 16:24:35,720:INFO:Defining folds
2022-02-07 16:24:35,720:INFO:Declaring metric variables
2022-02-07 16:24:35,730:INFO:Importing untrained model
2022-02-07 16:24:35,740:INFO:Naive Bayes Imported succesfully
2022-02-07 16:24:35,762:INFO:Starting cross validation
2022-02-07 16:24:35,763:INFO:Cross validating with StratifiedKFold(n_splits=10, random_state=None, shuffle=False), n_jobs=-1
2022-02-07 16:24:35,826:INFO:Calculating mean and std
2022-02-07 16:24:35,828:INFO:Creating metrics dataframe
2022-02-07 16:24:35,835:INFO:Uploading results into container
2022-02-07 16:24:35,835:INFO:Uploading model into container now
2022-02-07 16:24:35,835:INFO:create_model_container: 3
2022-02-07 16:24:35,836:INFO:master_model_container: 3
2022-02-07 16:24:35,836:INFO:display_container: 2
2022-02-07 16:24:35,837:INFO:GaussianNB(priors=None, var_smoothing=1e-09)
2022-02-07 16:24:35,837:INFO:create_model() succesfully completed......................................
2022-02-07 16:24:35,952:INFO:SubProcess create_model() end ==================================
2022-02-07 16:24:35,953:INFO:Creating metrics dataframe
2022-02-07 16:24:35,970:INFO:Initializing Decision Tree Classifier
2022-02-07 16:24:35,970:INFO:Total runtime is 0.16434098482131956 minutes
2022-02-07 16:24:35,980:INFO:SubProcess create_model() called ==================================
2022-02-07 16:24:35,981:INFO:Initializing create_model()
2022-02-07 16:24:35,981:INFO:create_model(estimator=dt, fold=StratifiedKFold(n_splits=10, random_state=None, shuffle=False), round=4, cross_validation=True, predict=True, fit_kwargs={}, groups=None, refit=False, verbose=False, system=False, metrics=None, add_to_model_list=True, probability_threshold=None, display=<pycaret.internal.Display.Display object at 0x0000026632170B48>, kwargs={})
2022-02-07 16:24:35,981:INFO:Checking exceptions
2022-02-07 16:24:35,981:INFO:Importing libraries
2022-02-07 16:24:35,981:INFO:Copying training dataset
2022-02-07 16:24:35,983:INFO:Defining folds
2022-02-07 16:24:35,983:INFO:Declaring metric variables
2022-02-07 16:24:35,992:INFO:Importing untrained model
2022-02-07 16:24:36,002:INFO:Decision Tree Classifier Imported succesfully
2022-02-07 16:24:36,023:INFO:Starting cross validation
2022-02-07 16:24:36,024:INFO:Cross validating with StratifiedKFold(n_splits=10, random_state=None, shuffle=False), n_jobs=-1
2022-02-07 16:24:36,080:INFO:Calculating mean and std
2022-02-07 16:24:36,081:INFO:Creating metrics dataframe
2022-02-07 16:24:36,086:INFO:Uploading results into container
2022-02-07 16:24:36,086:INFO:Uploading model into container now
2022-02-07 16:24:36,086:INFO:create_model_container: 4
2022-02-07 16:24:36,086:INFO:master_model_container: 4
2022-02-07 16:24:36,087:INFO:display_container: 2
2022-02-07 16:24:36,088:INFO:DecisionTreeClassifier(ccp_alpha=0.0, class_weight=None, criterion='gini',
                       max_depth=None, max_features=None, max_leaf_nodes=None,
                       min_impurity_decrease=0.0, min_impurity_split=None,
                       min_samples_leaf=1, min_samples_split=2,
                       min_weight_fraction_leaf=0.0, presort='deprecated',
                       random_state=1, splitter='best')
2022-02-07 16:24:36,088:INFO:create_model() succesfully completed......................................
2022-02-07 16:24:36,163:INFO:SubProcess create_model() end ==================================
2022-02-07 16:24:36,163:INFO:Creating metrics dataframe
2022-02-07 16:24:36,183:INFO:Initializing SVM - Linear Kernel
2022-02-07 16:24:36,183:INFO:Total runtime is 0.16789178053538004 minutes
2022-02-07 16:24:36,195:INFO:SubProcess create_model() called ==================================
2022-02-07 16:24:36,195:INFO:Initializing create_model()
2022-02-07 16:24:36,195:INFO:create_model(estimator=svm, fold=StratifiedKFold(n_splits=10, random_state=None, shuffle=False), round=4, cross_validation=True, predict=True, fit_kwargs={}, groups=None, refit=False, verbose=False, system=False, metrics=None, add_to_model_list=True, probability_threshold=None, display=<pycaret.internal.Display.Display object at 0x0000026632170B48>, kwargs={})
2022-02-07 16:24:36,195:INFO:Checking exceptions
2022-02-07 16:24:36,196:INFO:Importing libraries
2022-02-07 16:24:36,196:INFO:Copying training dataset
2022-02-07 16:24:36,197:INFO:Defining folds
2022-02-07 16:24:36,197:INFO:Declaring metric variables
2022-02-07 16:24:36,206:INFO:Importing untrained model
2022-02-07 16:24:36,218:INFO:SVM - Linear Kernel Imported succesfully
2022-02-07 16:24:36,238:INFO:Starting cross validation
2022-02-07 16:24:36,239:INFO:Cross validating with StratifiedKFold(n_splits=10, random_state=None, shuffle=False), n_jobs=-1
2022-02-07 16:24:36,300:INFO:Calculating mean and std
2022-02-07 16:24:36,301:INFO:Creating metrics dataframe
2022-02-07 16:24:36,305:INFO:Uploading results into container
2022-02-07 16:24:36,305:INFO:Uploading model into container now
2022-02-07 16:24:36,306:INFO:create_model_container: 5
2022-02-07 16:24:36,306:INFO:master_model_container: 5
2022-02-07 16:24:36,306:INFO:display_container: 2
2022-02-07 16:24:36,306:INFO:SGDClassifier(alpha=0.0001, average=False, class_weight=None,
              early_stopping=False, epsilon=0.1, eta0=0.001, fit_intercept=True,
              l1_ratio=0.15, learning_rate='optimal', loss='hinge',
              max_iter=1000, n_iter_no_change=5, n_jobs=-1, penalty='l2',
              power_t=0.5, random_state=1, shuffle=True, tol=0.001,
              validation_fraction=0.1, verbose=0, warm_start=False)
2022-02-07 16:24:36,306:INFO:create_model() succesfully completed......................................
2022-02-07 16:24:36,384:INFO:SubProcess create_model() end ==================================
2022-02-07 16:24:36,384:INFO:Creating metrics dataframe
2022-02-07 16:24:36,403:INFO:Initializing Ridge Classifier
2022-02-07 16:24:36,403:INFO:Total runtime is 0.1715593139330546 minutes
2022-02-07 16:24:36,413:INFO:SubProcess create_model() called ==================================
2022-02-07 16:24:36,413:INFO:Initializing create_model()
2022-02-07 16:24:36,414:INFO:create_model(estimator=ridge, fold=StratifiedKFold(n_splits=10, random_state=None, shuffle=False), round=4, cross_validation=True, predict=True, fit_kwargs={}, groups=None, refit=False, verbose=False, system=False, metrics=None, add_to_model_list=True, probability_threshold=None, display=<pycaret.internal.Display.Display object at 0x0000026632170B48>, kwargs={})
2022-02-07 16:24:36,414:INFO:Checking exceptions
2022-02-07 16:24:36,414:INFO:Importing libraries
2022-02-07 16:24:36,414:INFO:Copying training dataset
2022-02-07 16:24:36,415:INFO:Defining folds
2022-02-07 16:24:36,415:INFO:Declaring metric variables
2022-02-07 16:24:36,426:INFO:Importing untrained model
2022-02-07 16:24:36,436:INFO:Ridge Classifier Imported succesfully
2022-02-07 16:24:36,460:INFO:Starting cross validation
2022-02-07 16:24:36,460:INFO:Cross validating with StratifiedKFold(n_splits=10, random_state=None, shuffle=False), n_jobs=-1
2022-02-07 16:24:36,514:INFO:Calculating mean and std
2022-02-07 16:24:36,515:INFO:Creating metrics dataframe
2022-02-07 16:24:36,521:INFO:Uploading results into container
2022-02-07 16:24:36,521:INFO:Uploading model into container now
2022-02-07 16:24:36,522:INFO:create_model_container: 6
2022-02-07 16:24:36,522:INFO:master_model_container: 6
2022-02-07 16:24:36,522:INFO:display_container: 2
2022-02-07 16:24:36,522:INFO:RidgeClassifier(alpha=1.0, class_weight=None, copy_X=True, fit_intercept=True,
                max_iter=None, normalize=False, random_state=1, solver='auto',
                tol=0.001)
2022-02-07 16:24:36,522:INFO:create_model() succesfully completed......................................
2022-02-07 16:24:36,602:INFO:SubProcess create_model() end ==================================
2022-02-07 16:24:36,602:INFO:Creating metrics dataframe
2022-02-07 16:24:36,623:INFO:Initializing Random Forest Classifier
2022-02-07 16:24:36,623:INFO:Total runtime is 0.1752267559369405 minutes
2022-02-07 16:24:36,634:INFO:SubProcess create_model() called ==================================
2022-02-07 16:24:36,634:INFO:Initializing create_model()
2022-02-07 16:24:36,634:INFO:create_model(estimator=rf, fold=StratifiedKFold(n_splits=10, random_state=None, shuffle=False), round=4, cross_validation=True, predict=True, fit_kwargs={}, groups=None, refit=False, verbose=False, system=False, metrics=None, add_to_model_list=True, probability_threshold=None, display=<pycaret.internal.Display.Display object at 0x0000026632170B48>, kwargs={})
2022-02-07 16:24:36,634:INFO:Checking exceptions
2022-02-07 16:24:36,635:INFO:Importing libraries
2022-02-07 16:24:36,635:INFO:Copying training dataset
2022-02-07 16:24:36,636:INFO:Defining folds
2022-02-07 16:24:36,636:INFO:Declaring metric variables
2022-02-07 16:24:36,646:INFO:Importing untrained model
2022-02-07 16:24:36,656:INFO:Random Forest Classifier Imported succesfully
2022-02-07 16:24:36,678:INFO:Starting cross validation
2022-02-07 16:24:36,679:INFO:Cross validating with StratifiedKFold(n_splits=10, random_state=None, shuffle=False), n_jobs=-1
2022-02-07 16:24:37,880:INFO:Calculating mean and std
2022-02-07 16:24:37,881:INFO:Creating metrics dataframe
2022-02-07 16:24:37,885:INFO:Uploading results into container
2022-02-07 16:24:37,885:INFO:Uploading model into container now
2022-02-07 16:24:37,885:INFO:create_model_container: 7
2022-02-07 16:24:37,885:INFO:master_model_container: 7
2022-02-07 16:24:37,886:INFO:display_container: 2
2022-02-07 16:24:37,886:INFO:RandomForestClassifier(bootstrap=True, ccp_alpha=0.0, class_weight=None,
                       criterion='gini', max_depth=None, max_features='auto',
                       max_leaf_nodes=None, max_samples=None,
                       min_impurity_decrease=0.0, min_impurity_split=None,
                       min_samples_leaf=1, min_samples_split=2,
                       min_weight_fraction_leaf=0.0, n_estimators=100,
                       n_jobs=-1, oob_score=False, random_state=1, verbose=0,
                       warm_start=False)
2022-02-07 16:24:37,886:INFO:create_model() succesfully completed......................................
2022-02-07 16:24:37,963:INFO:SubProcess create_model() end ==================================
2022-02-07 16:24:37,963:INFO:Creating metrics dataframe
2022-02-07 16:24:37,984:INFO:Initializing Quadratic Discriminant Analysis
2022-02-07 16:24:37,985:INFO:Total runtime is 0.19793352683385212 minutes
2022-02-07 16:24:37,995:INFO:SubProcess create_model() called ==================================
2022-02-07 16:24:37,996:INFO:Initializing create_model()
2022-02-07 16:24:37,996:INFO:create_model(estimator=qda, fold=StratifiedKFold(n_splits=10, random_state=None, shuffle=False), round=4, cross_validation=True, predict=True, fit_kwargs={}, groups=None, refit=False, verbose=False, system=False, metrics=None, add_to_model_list=True, probability_threshold=None, display=<pycaret.internal.Display.Display object at 0x0000026632170B48>, kwargs={})
2022-02-07 16:24:37,996:INFO:Checking exceptions
2022-02-07 16:24:37,996:INFO:Importing libraries
2022-02-07 16:24:37,996:INFO:Copying training dataset
2022-02-07 16:24:37,997:INFO:Defining folds
2022-02-07 16:24:37,997:INFO:Declaring metric variables
2022-02-07 16:24:38,008:INFO:Importing untrained model
2022-02-07 16:24:38,017:INFO:Quadratic Discriminant Analysis Imported succesfully
2022-02-07 16:24:38,038:INFO:Starting cross validation
2022-02-07 16:24:38,038:INFO:Cross validating with StratifiedKFold(n_splits=10, random_state=None, shuffle=False), n_jobs=-1
2022-02-07 16:24:38,103:INFO:Calculating mean and std
2022-02-07 16:24:38,104:INFO:Creating metrics dataframe
2022-02-07 16:24:38,111:INFO:Uploading results into container
2022-02-07 16:24:38,111:INFO:Uploading model into container now
2022-02-07 16:24:38,111:INFO:create_model_container: 8
2022-02-07 16:24:38,111:INFO:master_model_container: 8
2022-02-07 16:24:38,112:INFO:display_container: 2
2022-02-07 16:24:38,112:INFO:QuadraticDiscriminantAnalysis(priors=None, reg_param=0.0,
                              store_covariance=False, tol=0.0001)
2022-02-07 16:24:38,112:INFO:create_model() succesfully completed......................................
2022-02-07 16:24:38,204:INFO:SubProcess create_model() end ==================================
2022-02-07 16:24:38,204:INFO:Creating metrics dataframe
2022-02-07 16:24:38,226:INFO:Initializing Ada Boost Classifier
2022-02-07 16:24:38,226:INFO:Total runtime is 0.20195135275522866 minutes
2022-02-07 16:24:38,236:INFO:SubProcess create_model() called ==================================
2022-02-07 16:24:38,237:INFO:Initializing create_model()
2022-02-07 16:24:38,237:INFO:create_model(estimator=ada, fold=StratifiedKFold(n_splits=10, random_state=None, shuffle=False), round=4, cross_validation=True, predict=True, fit_kwargs={}, groups=None, refit=False, verbose=False, system=False, metrics=None, add_to_model_list=True, probability_threshold=None, display=<pycaret.internal.Display.Display object at 0x0000026632170B48>, kwargs={})
2022-02-07 16:24:38,237:INFO:Checking exceptions
2022-02-07 16:24:38,238:INFO:Importing libraries
2022-02-07 16:24:38,238:INFO:Copying training dataset
2022-02-07 16:24:38,239:INFO:Defining folds
2022-02-07 16:24:38,239:INFO:Declaring metric variables
2022-02-07 16:24:38,250:INFO:Importing untrained model
2022-02-07 16:24:38,260:INFO:Ada Boost Classifier Imported succesfully
2022-02-07 16:24:38,282:INFO:Starting cross validation
2022-02-07 16:24:38,283:INFO:Cross validating with StratifiedKFold(n_splits=10, random_state=None, shuffle=False), n_jobs=-1
2022-02-07 16:24:38,475:INFO:Calculating mean and std
2022-02-07 16:24:38,476:INFO:Creating metrics dataframe
2022-02-07 16:24:38,481:INFO:Uploading results into container
2022-02-07 16:24:38,481:INFO:Uploading model into container now
2022-02-07 16:24:38,481:INFO:create_model_container: 9
2022-02-07 16:24:38,481:INFO:master_model_container: 9
2022-02-07 16:24:38,481:INFO:display_container: 2
2022-02-07 16:24:38,482:INFO:AdaBoostClassifier(algorithm='SAMME.R', base_estimator=None, learning_rate=1.0,
                   n_estimators=50, random_state=1)
2022-02-07 16:24:38,482:INFO:create_model() succesfully completed......................................
2022-02-07 16:24:38,558:INFO:SubProcess create_model() end ==================================
2022-02-07 16:24:38,558:INFO:Creating metrics dataframe
2022-02-07 16:24:38,579:INFO:Initializing Gradient Boosting Classifier
2022-02-07 16:24:38,579:INFO:Total runtime is 0.2078357418378194 minutes
2022-02-07 16:24:38,589:INFO:SubProcess create_model() called ==================================
2022-02-07 16:24:38,589:INFO:Initializing create_model()
2022-02-07 16:24:38,589:INFO:create_model(estimator=gbc, fold=StratifiedKFold(n_splits=10, random_state=None, shuffle=False), round=4, cross_validation=True, predict=True, fit_kwargs={}, groups=None, refit=False, verbose=False, system=False, metrics=None, add_to_model_list=True, probability_threshold=None, display=<pycaret.internal.Display.Display object at 0x0000026632170B48>, kwargs={})
2022-02-07 16:24:38,590:INFO:Checking exceptions
2022-02-07 16:24:38,590:INFO:Importing libraries
2022-02-07 16:24:38,590:INFO:Copying training dataset
2022-02-07 16:24:38,591:INFO:Defining folds
2022-02-07 16:24:38,591:INFO:Declaring metric variables
2022-02-07 16:24:38,603:INFO:Importing untrained model
2022-02-07 16:24:38,614:INFO:Gradient Boosting Classifier Imported succesfully
2022-02-07 16:24:38,635:INFO:Starting cross validation
2022-02-07 16:24:38,636:INFO:Cross validating with StratifiedKFold(n_splits=10, random_state=None, shuffle=False), n_jobs=-1
2022-02-07 16:24:38,813:INFO:Calculating mean and std
2022-02-07 16:24:38,814:INFO:Creating metrics dataframe
2022-02-07 16:24:38,820:INFO:Uploading results into container
2022-02-07 16:24:38,820:INFO:Uploading model into container now
2022-02-07 16:24:38,820:INFO:create_model_container: 10
2022-02-07 16:24:38,821:INFO:master_model_container: 10
2022-02-07 16:24:38,821:INFO:display_container: 2
2022-02-07 16:24:38,822:INFO:GradientBoostingClassifier(ccp_alpha=0.0, criterion='friedman_mse', init=None,
                           learning_rate=0.1, loss='deviance', max_depth=3,
                           max_features=None, max_leaf_nodes=None,
                           min_impurity_decrease=0.0, min_impurity_split=None,
                           min_samples_leaf=1, min_samples_split=2,
                           min_weight_fraction_leaf=0.0, n_estimators=100,
                           n_iter_no_change=None, presort='deprecated',
                           random_state=1, subsample=1.0, tol=0.0001,
                           validation_fraction=0.1, verbose=0,
                           warm_start=False)
2022-02-07 16:24:38,822:INFO:create_model() succesfully completed......................................
2022-02-07 16:24:38,904:INFO:SubProcess create_model() end ==================================
2022-02-07 16:24:38,904:INFO:Creating metrics dataframe
2022-02-07 16:24:38,924:INFO:Initializing Linear Discriminant Analysis
2022-02-07 16:24:38,924:INFO:Total runtime is 0.21358714898427325 minutes
2022-02-07 16:24:38,934:INFO:SubProcess create_model() called ==================================
2022-02-07 16:24:38,934:INFO:Initializing create_model()
2022-02-07 16:24:38,934:INFO:create_model(estimator=lda, fold=StratifiedKFold(n_splits=10, random_state=None, shuffle=False), round=4, cross_validation=True, predict=True, fit_kwargs={}, groups=None, refit=False, verbose=False, system=False, metrics=None, add_to_model_list=True, probability_threshold=None, display=<pycaret.internal.Display.Display object at 0x0000026632170B48>, kwargs={})
2022-02-07 16:24:38,934:INFO:Checking exceptions
2022-02-07 16:24:38,935:INFO:Importing libraries
2022-02-07 16:24:38,935:INFO:Copying training dataset
2022-02-07 16:24:38,936:INFO:Defining folds
2022-02-07 16:24:38,936:INFO:Declaring metric variables
2022-02-07 16:24:38,945:INFO:Importing untrained model
2022-02-07 16:24:38,955:INFO:Linear Discriminant Analysis Imported succesfully
2022-02-07 16:24:38,975:INFO:Starting cross validation
2022-02-07 16:24:38,976:INFO:Cross validating with StratifiedKFold(n_splits=10, random_state=None, shuffle=False), n_jobs=-1
2022-02-07 16:24:39,038:INFO:Calculating mean and std
2022-02-07 16:24:39,039:INFO:Creating metrics dataframe
2022-02-07 16:24:39,048:INFO:Uploading results into container
2022-02-07 16:24:39,048:INFO:Uploading model into container now
2022-02-07 16:24:39,049:INFO:create_model_container: 11
2022-02-07 16:24:39,049:INFO:master_model_container: 11
2022-02-07 16:24:39,049:INFO:display_container: 2
2022-02-07 16:24:39,049:INFO:LinearDiscriminantAnalysis(n_components=None, priors=None, shrinkage=None,
                           solver='svd', store_covariance=False, tol=0.0001)
2022-02-07 16:24:39,049:INFO:create_model() succesfully completed......................................
2022-02-07 16:24:39,144:INFO:SubProcess create_model() end ==================================
2022-02-07 16:24:39,144:INFO:Creating metrics dataframe
2022-02-07 16:24:39,167:INFO:Initializing Extra Trees Classifier
2022-02-07 16:24:39,167:INFO:Total runtime is 0.21762124697367347 minutes
2022-02-07 16:24:39,178:INFO:SubProcess create_model() called ==================================
2022-02-07 16:24:39,178:INFO:Initializing create_model()
2022-02-07 16:24:39,178:INFO:create_model(estimator=et, fold=StratifiedKFold(n_splits=10, random_state=None, shuffle=False), round=4, cross_validation=True, predict=True, fit_kwargs={}, groups=None, refit=False, verbose=False, system=False, metrics=None, add_to_model_list=True, probability_threshold=None, display=<pycaret.internal.Display.Display object at 0x0000026632170B48>, kwargs={})
2022-02-07 16:24:39,178:INFO:Checking exceptions
2022-02-07 16:24:39,178:INFO:Importing libraries
2022-02-07 16:24:39,178:INFO:Copying training dataset
2022-02-07 16:24:39,179:INFO:Defining folds
2022-02-07 16:24:39,180:INFO:Declaring metric variables
2022-02-07 16:24:39,190:INFO:Importing untrained model
2022-02-07 16:24:39,201:INFO:Extra Trees Classifier Imported succesfully
2022-02-07 16:24:39,222:INFO:Starting cross validation
2022-02-07 16:24:39,223:INFO:Cross validating with StratifiedKFold(n_splits=10, random_state=None, shuffle=False), n_jobs=-1
2022-02-07 16:24:40,300:INFO:Calculating mean and std
2022-02-07 16:24:40,302:INFO:Creating metrics dataframe
2022-02-07 16:24:40,309:INFO:Uploading results into container
2022-02-07 16:24:40,309:INFO:Uploading model into container now
2022-02-07 16:24:40,309:INFO:create_model_container: 12
2022-02-07 16:24:40,310:INFO:master_model_container: 12
2022-02-07 16:24:40,310:INFO:display_container: 2
2022-02-07 16:24:40,311:INFO:ExtraTreesClassifier(bootstrap=False, ccp_alpha=0.0, class_weight=None,
                     criterion='gini', max_depth=None, max_features='auto',
                     max_leaf_nodes=None, max_samples=None,
                     min_impurity_decrease=0.0, min_impurity_split=None,
                     min_samples_leaf=1, min_samples_split=2,
                     min_weight_fraction_leaf=0.0, n_estimators=100, n_jobs=-1,
                     oob_score=False, random_state=1, verbose=0,
                     warm_start=False)
2022-02-07 16:24:40,311:INFO:create_model() succesfully completed......................................
2022-02-07 16:24:40,401:INFO:SubProcess create_model() end ==================================
2022-02-07 16:24:40,401:INFO:Creating metrics dataframe
2022-02-07 16:24:40,423:INFO:Initializing Light Gradient Boosting Machine
2022-02-07 16:24:40,423:INFO:Total runtime is 0.23855957587560014 minutes
2022-02-07 16:24:40,433:INFO:SubProcess create_model() called ==================================
2022-02-07 16:24:40,433:INFO:Initializing create_model()
2022-02-07 16:24:40,433:INFO:create_model(estimator=lightgbm, fold=StratifiedKFold(n_splits=10, random_state=None, shuffle=False), round=4, cross_validation=True, predict=True, fit_kwargs={}, groups=None, refit=False, verbose=False, system=False, metrics=None, add_to_model_list=True, probability_threshold=None, display=<pycaret.internal.Display.Display object at 0x0000026632170B48>, kwargs={})
2022-02-07 16:24:40,433:INFO:Checking exceptions
2022-02-07 16:24:40,434:INFO:Importing libraries
2022-02-07 16:24:40,434:INFO:Copying training dataset
2022-02-07 16:24:40,435:INFO:Defining folds
2022-02-07 16:24:40,435:INFO:Declaring metric variables
2022-02-07 16:24:40,445:INFO:Importing untrained model
2022-02-07 16:24:40,456:INFO:Light Gradient Boosting Machine Imported succesfully
2022-02-07 16:24:40,482:INFO:Starting cross validation
2022-02-07 16:24:40,483:INFO:Cross validating with StratifiedKFold(n_splits=10, random_state=None, shuffle=False), n_jobs=-1
2022-02-07 16:24:40,603:INFO:Calculating mean and std
2022-02-07 16:24:40,604:INFO:Creating metrics dataframe
2022-02-07 16:24:40,610:INFO:Uploading results into container
2022-02-07 16:24:40,611:INFO:Uploading model into container now
2022-02-07 16:24:40,611:INFO:create_model_container: 13
2022-02-07 16:24:40,612:INFO:master_model_container: 13
2022-02-07 16:24:40,612:INFO:display_container: 2
2022-02-07 16:24:40,613:INFO:LGBMClassifier(boosting_type='gbdt', class_weight=None, colsample_bytree=1.0,
               importance_type='split', learning_rate=0.1, max_depth=-1,
               min_child_samples=20, min_child_weight=0.001, min_split_gain=0.0,
               n_estimators=100, n_jobs=-1, num_leaves=31, objective=None,
               random_state=1, reg_alpha=0.0, reg_lambda=0.0, silent='warn',
               subsample=1.0, subsample_for_bin=200000, subsample_freq=0)
2022-02-07 16:24:40,613:INFO:create_model() succesfully completed......................................
2022-02-07 16:24:40,708:INFO:SubProcess create_model() end ==================================
2022-02-07 16:24:40,708:INFO:Creating metrics dataframe
2022-02-07 16:24:40,729:INFO:Initializing Dummy Classifier
2022-02-07 16:24:40,730:INFO:Total runtime is 0.24367721875508622 minutes
2022-02-07 16:24:40,740:INFO:SubProcess create_model() called ==================================
2022-02-07 16:24:40,741:INFO:Initializing create_model()
2022-02-07 16:24:40,741:INFO:create_model(estimator=dummy, fold=StratifiedKFold(n_splits=10, random_state=None, shuffle=False), round=4, cross_validation=True, predict=True, fit_kwargs={}, groups=None, refit=False, verbose=False, system=False, metrics=None, add_to_model_list=True, probability_threshold=None, display=<pycaret.internal.Display.Display object at 0x0000026632170B48>, kwargs={})
2022-02-07 16:24:40,741:INFO:Checking exceptions
2022-02-07 16:24:40,741:INFO:Importing libraries
2022-02-07 16:24:40,741:INFO:Copying training dataset
2022-02-07 16:24:40,742:INFO:Defining folds
2022-02-07 16:24:40,743:INFO:Declaring metric variables
2022-02-07 16:24:40,752:INFO:Importing untrained model
2022-02-07 16:24:40,761:INFO:Dummy Classifier Imported succesfully
2022-02-07 16:24:40,782:INFO:Starting cross validation
2022-02-07 16:24:40,783:INFO:Cross validating with StratifiedKFold(n_splits=10, random_state=None, shuffle=False), n_jobs=-1
2022-02-07 16:24:40,835:INFO:Calculating mean and std
2022-02-07 16:24:40,836:INFO:Creating metrics dataframe
2022-02-07 16:24:40,841:INFO:Uploading results into container
2022-02-07 16:24:40,841:INFO:Uploading model into container now
2022-02-07 16:24:40,841:INFO:create_model_container: 14
2022-02-07 16:24:40,841:INFO:master_model_container: 14
2022-02-07 16:24:40,841:INFO:display_container: 2
2022-02-07 16:24:40,841:INFO:DummyClassifier(constant=None, random_state=1, strategy='prior')
2022-02-07 16:24:40,841:INFO:create_model() succesfully completed......................................
2022-02-07 16:24:40,918:INFO:SubProcess create_model() end ==================================
2022-02-07 16:24:40,918:INFO:Creating metrics dataframe
2022-02-07 16:24:40,965:INFO:Initializing create_model()
2022-02-07 16:24:40,965:INFO:create_model(estimator=RandomForestClassifier(bootstrap=True, ccp_alpha=0.0, class_weight=None,
                       criterion='gini', max_depth=None, max_features='auto',
                       max_leaf_nodes=None, max_samples=None,
                       min_impurity_decrease=0.0, min_impurity_split=None,
                       min_samples_leaf=1, min_samples_split=2,
                       min_weight_fraction_leaf=0.0, n_estimators=100,
                       n_jobs=-1, oob_score=False, random_state=1, verbose=0,
                       warm_start=False), fold=StratifiedKFold(n_splits=10, random_state=None, shuffle=False), round=4, cross_validation=False, predict=False, fit_kwargs={}, groups=None, refit=True, verbose=False, system=False, metrics=None, add_to_model_list=True, probability_threshold=None, display=None, kwargs={})
2022-02-07 16:24:40,965:INFO:Checking exceptions
2022-02-07 16:24:40,965:INFO:Importing libraries
2022-02-07 16:24:40,965:INFO:Copying training dataset
2022-02-07 16:24:40,966:INFO:Defining folds
2022-02-07 16:24:40,966:INFO:Declaring metric variables
2022-02-07 16:24:40,966:INFO:Importing untrained model
2022-02-07 16:24:40,966:INFO:Declaring custom model
2022-02-07 16:24:40,967:INFO:Random Forest Classifier Imported succesfully
2022-02-07 16:24:40,968:INFO:Cross validation set to False
2022-02-07 16:24:40,968:INFO:Fitting Model
2022-02-07 16:24:41,689:INFO:RandomForestClassifier(bootstrap=True, ccp_alpha=0.0, class_weight=None,
                       criterion='gini', max_depth=None, max_features='auto',
                       max_leaf_nodes=None, max_samples=None,
                       min_impurity_decrease=0.0, min_impurity_split=None,
                       min_samples_leaf=1, min_samples_split=2,
                       min_weight_fraction_leaf=0.0, n_estimators=100,
                       n_jobs=-1, oob_score=False, random_state=1, verbose=0,
                       warm_start=False)
2022-02-07 16:24:41,689:INFO:create_models() succesfully completed......................................
2022-02-07 16:24:41,813:INFO:create_model_container: 14
2022-02-07 16:24:41,813:INFO:master_model_container: 14
2022-02-07 16:24:41,814:INFO:display_container: 2
2022-02-07 16:24:41,814:INFO:RandomForestClassifier(bootstrap=True, ccp_alpha=0.0, class_weight=None,
                       criterion='gini', max_depth=None, max_features='auto',
                       max_leaf_nodes=None, max_samples=None,
                       min_impurity_decrease=0.0, min_impurity_split=None,
                       min_samples_leaf=1, min_samples_split=2,
                       min_weight_fraction_leaf=0.0, n_estimators=100,
                       n_jobs=-1, oob_score=False, random_state=1, verbose=0,
                       warm_start=False)
2022-02-07 16:24:41,814:INFO:compare_models() succesfully completed......................................
2022-02-07 16:24:41,908:INFO:Initializing create_model()
2022-02-07 16:24:41,908:INFO:create_model(estimator=rf, fold=None, round=4, cross_validation=True, predict=True, fit_kwargs=None, groups=None, refit=True, verbose=True, system=True, metrics=None, add_to_model_list=True, probability_threshold=None, display=None, kwargs={})
2022-02-07 16:24:41,908:INFO:Checking exceptions
2022-02-07 16:24:41,909:INFO:Preparing display monitor
2022-02-07 16:24:41,928:INFO:Importing libraries
2022-02-07 16:24:41,928:INFO:Copying training dataset
2022-02-07 16:24:41,929:INFO:Defining folds
2022-02-07 16:24:41,930:INFO:Declaring metric variables
2022-02-07 16:24:41,939:INFO:Importing untrained model
2022-02-07 16:24:41,949:INFO:Random Forest Classifier Imported succesfully
2022-02-07 16:24:41,974:INFO:Starting cross validation
2022-02-07 16:24:41,974:INFO:Cross validating with StratifiedKFold(n_splits=10, random_state=None, shuffle=False), n_jobs=-1
2022-02-07 16:24:43,071:INFO:Calculating mean and std
2022-02-07 16:24:43,073:INFO:Creating metrics dataframe
2022-02-07 16:24:43,089:INFO:Finalizing model
2022-02-07 16:24:43,826:INFO:Uploading results into container
2022-02-07 16:24:43,826:INFO:Uploading model into container now
2022-02-07 16:24:43,840:INFO:create_model_container: 15
2022-02-07 16:24:43,841:INFO:master_model_container: 15
2022-02-07 16:24:43,841:INFO:display_container: 3
2022-02-07 16:24:43,841:INFO:RandomForestClassifier(bootstrap=True, ccp_alpha=0.0, class_weight=None,
                       criterion='gini', max_depth=None, max_features='auto',
                       max_leaf_nodes=None, max_samples=None,
                       min_impurity_decrease=0.0, min_impurity_split=None,
                       min_samples_leaf=1, min_samples_split=2,
                       min_weight_fraction_leaf=0.0, n_estimators=100,
                       n_jobs=-1, oob_score=False, random_state=1, verbose=0,
                       warm_start=False)
2022-02-07 16:24:43,842:INFO:create_model() succesfully completed......................................
2022-02-07 16:24:43,990:INFO:Initializing plot_model()
2022-02-07 16:24:43,991:INFO:plot_model(fold=None, use_train_data=False, verbose=True, is_in_evaluate=False, display=None, display_format=None, estimator=RandomForestClassifier(bootstrap=True, ccp_alpha=0.0, class_weight=None,
                       criterion='gini', max_depth=None, max_features='auto',
                       max_leaf_nodes=None, max_samples=None,
                       min_impurity_decrease=0.0, min_impurity_split=None,
                       min_samples_leaf=1, min_samples_split=2,
                       min_weight_fraction_leaf=0.0, n_estimators=100,
                       n_jobs=-1, oob_score=False, random_state=1, verbose=0,
                       warm_start=False), feature_name=None, fit_kwargs=None, groups=None, label=False, plot=confusion_matrix, plot_kwargs=None, save=False, scale=1, system=True)
2022-02-07 16:24:43,991:INFO:Checking exceptions
2022-02-07 16:24:44,107:INFO:Preparing display monitor
2022-02-07 16:24:44,115:INFO:Preloading libraries
2022-02-07 16:24:44,130:INFO:Copying training dataset
2022-02-07 16:24:44,131:INFO:Copying test dataset
2022-02-07 16:24:44,131:INFO:Plot type: confusion_matrix
2022-02-07 16:24:44,359:INFO:Initializing get_config()
2022-02-07 16:24:44,359:INFO:get_config(variable=prep_pipe)
2022-02-07 16:24:44,364:INFO:Global variable: prep_pipe returned as Pipeline(memory=None,
         steps=[('dtypes',
                 DataTypes_Auto_infer(categorical_features=[],
                                      display_types=False, features_todrop=[],
                                      id_columns=[],
                                      ml_usecase='classification',
                                      numerical_features=[], target='rank',
                                      time_features=[])),
                ('imputer',
                 Simple_Imputer(categorical_strategy='not_available',
                                fill_value_categorical=None,
                                fill_value_numerical=None,
                                numeric_strate...
                ('scaling', 'passthrough'), ('P_transform', 'passthrough'),
                ('binn', 'passthrough'), ('rem_outliers', 'passthrough'),
                ('cluster_all', 'passthrough'),
                ('dummy', Dummify(target='rank')),
                ('fix_perfect', Remove_100(target='rank')),
                ('clean_names', Clean_Colum_Names()),
                ('feature_select', 'passthrough'), ('fix_multi', 'passthrough'),
                ('dfs', 'passthrough'), ('pca', 'passthrough')],
         verbose=False)
2022-02-07 16:24:44,365:INFO:get_config() succesfully completed......................................
2022-02-07 16:24:44,365:INFO:Fitting Model
2022-02-07 16:24:44,367:INFO:Scoring test/hold-out set
2022-02-07 16:24:44,757:INFO:Visual Rendered Successfully
2022-02-07 16:24:44,835:INFO:plot_model() succesfully completed......................................
2022-02-07 16:24:44,881:INFO:Initializing plot_model()
2022-02-07 16:24:44,882:INFO:plot_model(fold=None, use_train_data=False, verbose=True, is_in_evaluate=False, display=None, display_format=None, estimator=RandomForestClassifier(bootstrap=True, ccp_alpha=0.0, class_weight=None,
                       criterion='gini', max_depth=None, max_features='auto',
                       max_leaf_nodes=None, max_samples=None,
                       min_impurity_decrease=0.0, min_impurity_split=None,
                       min_samples_leaf=1, min_samples_split=2,
                       min_weight_fraction_leaf=0.0, n_estimators=100,
                       n_jobs=-1, oob_score=False, random_state=1, verbose=0,
                       warm_start=False), feature_name=None, fit_kwargs=None, groups=None, label=False, plot=auc, plot_kwargs=None, save=False, scale=1, system=True)
2022-02-07 16:24:44,882:INFO:Checking exceptions
2022-02-07 16:24:45,005:INFO:Preparing display monitor
2022-02-07 16:24:45,013:INFO:Preloading libraries
2022-02-07 16:24:45,025:INFO:Copying training dataset
2022-02-07 16:24:45,026:INFO:Copying test dataset
2022-02-07 16:24:45,026:INFO:Plot type: auc
2022-02-07 16:24:45,272:INFO:Initializing get_config()
2022-02-07 16:24:45,272:INFO:get_config(variable=prep_pipe)
2022-02-07 16:24:45,278:INFO:Global variable: prep_pipe returned as Pipeline(memory=None,
         steps=[('dtypes',
                 DataTypes_Auto_infer(categorical_features=[],
                                      display_types=False, features_todrop=[],
                                      id_columns=[],
                                      ml_usecase='classification',
                                      numerical_features=[], target='rank',
                                      time_features=[])),
                ('imputer',
                 Simple_Imputer(categorical_strategy='not_available',
                                fill_value_categorical=None,
                                fill_value_numerical=None,
                                numeric_strate...
                ('scaling', 'passthrough'), ('P_transform', 'passthrough'),
                ('binn', 'passthrough'), ('rem_outliers', 'passthrough'),
                ('cluster_all', 'passthrough'),
                ('dummy', Dummify(target='rank')),
                ('fix_perfect', Remove_100(target='rank')),
                ('clean_names', Clean_Colum_Names()),
                ('feature_select', 'passthrough'), ('fix_multi', 'passthrough'),
                ('dfs', 'passthrough'), ('pca', 'passthrough')],
         verbose=False)
2022-02-07 16:24:45,278:INFO:get_config() succesfully completed......................................
2022-02-07 16:24:45,278:INFO:Fitting Model
2022-02-07 16:24:45,279:INFO:Scoring test/hold-out set
2022-02-07 16:24:45,719:INFO:Visual Rendered Successfully
2022-02-07 16:24:45,796:INFO:plot_model() succesfully completed......................................
2022-02-07 16:24:45,854:INFO:Initializing plot_model()
2022-02-07 16:24:45,855:INFO:plot_model(fold=None, use_train_data=False, verbose=True, is_in_evaluate=False, display=None, display_format=None, estimator=RandomForestClassifier(bootstrap=True, ccp_alpha=0.0, class_weight=None,
                       criterion='gini', max_depth=None, max_features='auto',
                       max_leaf_nodes=None, max_samples=None,
                       min_impurity_decrease=0.0, min_impurity_split=None,
                       min_samples_leaf=1, min_samples_split=2,
                       min_weight_fraction_leaf=0.0, n_estimators=100,
                       n_jobs=-1, oob_score=False, random_state=1, verbose=0,
                       warm_start=False), feature_name=None, fit_kwargs=None, groups=None, label=False, plot=pr, plot_kwargs=None, save=False, scale=1, system=True)
2022-02-07 16:24:45,855:INFO:Checking exceptions
2022-02-07 16:24:45,969:INFO:Preparing display monitor
2022-02-07 16:24:45,977:INFO:Preloading libraries
2022-02-07 16:24:45,991:INFO:Copying training dataset
2022-02-07 16:24:45,992:INFO:Copying test dataset
2022-02-07 16:24:45,992:INFO:Plot type: pr
2022-02-07 16:24:46,223:INFO:Fitting Model
2022-02-07 16:24:46,224:INFO:Scoring test/hold-out set
2022-02-07 16:24:46,634:INFO:Visual Rendered Successfully
2022-02-07 16:24:46,721:INFO:plot_model() succesfully completed......................................
2022-02-07 16:24:46,769:INFO:Initializing interpret_model()
2022-02-07 16:24:46,769:INFO:interpret_model(estimator=RandomForestClassifier(bootstrap=True, ccp_alpha=0.0, class_weight=None,
                       criterion='gini', max_depth=None, max_features='auto',
                       max_leaf_nodes=None, max_samples=None,
                       min_impurity_decrease=0.0, min_impurity_split=None,
                       min_samples_leaf=1, min_samples_split=2,
                       min_weight_fraction_leaf=0.0, n_estimators=100,
                       n_jobs=-1, oob_score=False, random_state=1, verbose=0,
                       warm_start=False), use_train_data=False, X_new_sample=None, y_new_sample=None, feature=None, kwargs={}, observation=None, plot=summary, save=False)
2022-02-07 16:24:46,769:INFO:Checking exceptions
2022-02-07 16:24:46,771:ERROR:shap library not found. pip install shap to use interpret_model function.
2022-02-07 16:25:52,935:INFO:Initializing interpret_model()
2022-02-07 16:25:52,936:INFO:interpret_model(estimator=RandomForestClassifier(bootstrap=True, ccp_alpha=0.0, class_weight=None,
                       criterion='gini', max_depth=None, max_features='auto',
                       max_leaf_nodes=None, max_samples=None,
                       min_impurity_decrease=0.0, min_impurity_split=None,
                       min_samples_leaf=1, min_samples_split=2,
                       min_weight_fraction_leaf=0.0, n_estimators=100,
                       n_jobs=-1, oob_score=False, random_state=1, verbose=0,
                       warm_start=False), use_train_data=False, X_new_sample=None, y_new_sample=None, feature=None, kwargs={}, observation=None, plot=summary, save=False)
2022-02-07 16:25:52,936:INFO:Checking exceptions
2022-02-07 16:25:53,107:INFO:plot type: summary
2022-02-07 16:25:53,107:INFO:Creating TreeExplainer
2022-02-07 16:25:53,114:INFO:Compiling shap values
2022-02-07 16:25:54,749:INFO:Visual Rendered Successfully
2022-02-07 16:25:54,749:INFO:interpret_model() succesfully completed......................................
2022-02-07 16:25:57,343:INFO:Initializing plot_model()
2022-02-07 16:25:57,343:INFO:plot_model(fold=None, use_train_data=False, verbose=True, is_in_evaluate=False, display=None, display_format=None, estimator=RandomForestClassifier(bootstrap=True, ccp_alpha=0.0, class_weight=None,
                       criterion='gini', max_depth=None, max_features='auto',
                       max_leaf_nodes=None, max_samples=None,
                       min_impurity_decrease=0.0, min_impurity_split=None,
                       min_samples_leaf=1, min_samples_split=2,
                       min_weight_fraction_leaf=0.0, n_estimators=100,
                       n_jobs=-1, oob_score=False, random_state=1, verbose=0,
                       warm_start=False), feature_name=None, fit_kwargs=None, groups=None, label=False, plot=feature, plot_kwargs=None, save=False, scale=1, system=True)
2022-02-07 16:25:57,344:INFO:Checking exceptions
2022-02-07 16:25:57,465:INFO:Preparing display monitor
2022-02-07 16:25:57,474:INFO:Preloading libraries
2022-02-07 16:25:57,486:INFO:Copying training dataset
2022-02-07 16:25:57,487:INFO:Copying test dataset
2022-02-07 16:25:57,487:INFO:Plot type: feature
2022-02-07 16:25:57,715:WARNING:No coef_ found. Trying feature_importances_
2022-02-07 16:25:57,985:INFO:Visual Rendered Successfully
2022-02-07 16:25:58,067:INFO:plot_model() succesfully completed......................................
